<?xml version="1.0" encoding="UTF-8"?>
<!-- Generated by org.testng.reporters.JUnitReportReporter -->
<testsuite skipped="0" hostname="NAG1-LHP-N07364" name="com.swg.lab.testScripts.checkout.VerifyCartCountFunctionality" tests="1" failures="0" timestamp="10 May 2021 14:41:06 GMT" time="26.266" errors="0">
  <testcase name="test" time="26.266" classname="com.swg.lab.testScripts.checkout.VerifyCartCountFunctionality"/>
</testsuite> <!-- com.swg.lab.testScripts.checkout.VerifyCartCountFunctionality -->
