<?xml version="1.0" encoding="UTF-8"?>
<!-- Generated by org.testng.reporters.JUnitReportReporter -->
<testsuite skipped="0" hostname="NAG1-LHP-N07364" name="VerifySWAGLoginAndFunctionalityScript" tests="1" failures="0" timestamp="10 May 2021 04:28:13 GMT" time="12.780" errors="0">
  <testcase name="test" time="12.780" classname="VerifySWAGLoginAndFunctionalityScript"/>
</testsuite> <!-- VerifySWAGLoginAndFunctionalityScript -->
