<?xml version="1.0" encoding="UTF-8"?>
<!-- Generated by org.testng.reporters.JUnitReportReporter -->
<testsuite skipped="0" hostname="NAG1-LHP-N07364" name="com.swg.lab.testScripts.checkout.VerifyCheckoutInfoFunctionality" tests="1" failures="0" timestamp="11 May 2021 07:35:35 GMT" time="32.240" errors="0">
  <testcase name="test" time="32.240" classname="com.swg.lab.testScripts.checkout.VerifyCheckoutInfoFunctionality"/>
</testsuite> <!-- com.swg.lab.testScripts.checkout.VerifyCheckoutInfoFunctionality -->
